2015/09/25 21:58:41 [error] [php] Undefined variable: tiwtter (D:\servidorparaphp\xampp\htdocs\yiiframework\protected\views\hola\index.php:1)
Stack trace:
#0 D:\servidorparaphp\xampp\htdocs\yii\framework\web\CController.php(869): HolaController->renderFile()
#1 D:\servidorparaphp\xampp\htdocs\yii\framework\web\CController.php(782): HolaController->renderPartial()
#2 D:\servidorparaphp\xampp\htdocs\yiiframework\protected\controllers\HolaController.php(8): HolaController->render()
#3 D:\servidorparaphp\xampp\htdocs\yii\framework\web\actions\CInlineAction.php(49): HolaController->actionIndex()
#4 D:\servidorparaphp\xampp\htdocs\yii\framework\web\CController.php(308): CInlineAction->runWithParams()
#5 D:\servidorparaphp\xampp\htdocs\yii\framework\web\CController.php(286): HolaController->runAction()
#6 D:\servidorparaphp\xampp\htdocs\yii\framework\web\CController.php(265): HolaController->runActionWithFilters()
#7 D:\servidorparaphp\xampp\htdocs\yii\framework\web\CWebApplication.php(282): HolaController->run()
#8 D:\servidorparaphp\xampp\htdocs\yii\framework\web\CWebApplication.php(141): CWebApplication->runController()
#9 D:\servidorparaphp\xampp\htdocs\yii\framework\base\CApplication.php(184): CWebApplication->processRequest()
#10 D:\servidorparaphp\xampp\htdocs\yiiframework\index.php(13): CWebApplication->run()
REQUEST_URI=/yiiframework/hola/index
in D:\servidorparaphp\xampp\htdocs\yiiframework\protected\views\hola\index.php (1)
in D:\servidorparaphp\xampp\htdocs\yiiframework\protected\controllers\HolaController.php (8)
in D:\servidorparaphp\xampp\htdocs\yiiframework\index.php (13)
2015/09/25 21:59:02 [error] [php] Undefined variable: tiwtter (D:\servidorparaphp\xampp\htdocs\yiiframework\protected\views\hola\index.php:1)
Stack trace:
#0 D:\servidorparaphp\xampp\htdocs\yii\framework\web\CController.php(869): HolaController->renderFile()
#1 D:\servidorparaphp\xampp\htdocs\yii\framework\web\CController.php(782): HolaController->renderPartial()
#2 D:\servidorparaphp\xampp\htdocs\yiiframework\protected\controllers\HolaController.php(8): HolaController->render()
#3 D:\servidorparaphp\xampp\htdocs\yii\framework\web\actions\CInlineAction.php(49): HolaController->actionIndex()
#4 D:\servidorparaphp\xampp\htdocs\yii\framework\web\CController.php(308): CInlineAction->runWithParams()
#5 D:\servidorparaphp\xampp\htdocs\yii\framework\web\CController.php(286): HolaController->runAction()
#6 D:\servidorparaphp\xampp\htdocs\yii\framework\web\CController.php(265): HolaController->runActionWithFilters()
#7 D:\servidorparaphp\xampp\htdocs\yii\framework\web\CWebApplication.php(282): HolaController->run()
#8 D:\servidorparaphp\xampp\htdocs\yii\framework\web\CWebApplication.php(141): CWebApplication->runController()
#9 D:\servidorparaphp\xampp\htdocs\yii\framework\base\CApplication.php(184): CWebApplication->processRequest()
#10 D:\servidorparaphp\xampp\htdocs\yiiframework\index.php(13): CWebApplication->run()
REQUEST_URI=/yiiframework/hola/index
in D:\servidorparaphp\xampp\htdocs\yiiframework\protected\views\hola\index.php (1)
in D:\servidorparaphp\xampp\htdocs\yiiframework\protected\controllers\HolaController.php (8)
in D:\servidorparaphp\xampp\htdocs\yiiframework\index.php (13)
2015/09/28 19:14:30 [error] [php] include(CActove.php): failed to open stream: No such file or directory (D:\servidorparaphp\xampp\htdocs\yii\framework\YiiBase.php:432)
Stack trace:
#0 D:\servidorparaphp\xampp\htdocs\yiiframework\protected\models\Users.php(4): spl_autoload_call()
#1 D:\servidorparaphp\xampp\htdocs\yii\framework\YiiBase.php(432): include()
#2 unknown(0): autoload()
#3 D:\servidorparaphp\xampp\htdocs\yii\framework\db\ar\CActiveRecord.php(395): spl_autoload_call()
#4 D:\servidorparaphp\xampp\htdocs\yiiframework\protected\controllers\HolaController.php(7): model()
#5 D:\servidorparaphp\xampp\htdocs\yii\framework\web\actions\CInlineAction.php(49): HolaController->actionIndex()
#6 D:\servidorparaphp\xampp\htdocs\yii\framework\web\CController.php(308): CInlineAction->runWithParams()
#7 D:\servidorparaphp\xampp\htdocs\yii\framework\web\CController.php(286): HolaController->runAction()
#8 D:\servidorparaphp\xampp\htdocs\yii\framework\web\CController.php(265): HolaController->runActionWithFilters()
#9 D:\servidorparaphp\xampp\htdocs\yii\framework\web\CWebApplication.php(282): HolaController->run()
#10 D:\servidorparaphp\xampp\htdocs\yii\framework\web\CWebApplication.php(141): CWebApplication->runController()
#11 D:\servidorparaphp\xampp\htdocs\yii\framework\base\CApplication.php(184): CWebApplication->processRequest()
#12 D:\servidorparaphp\xampp\htdocs\yiiframework\index.php(13): CWebApplication->run()
REQUEST_URI=/yiiframework/hola/index
in D:\servidorparaphp\xampp\htdocs\yiiframework\protected\models\Users.php (4)
in D:\servidorparaphp\xampp\htdocs\yiiframework\protected\controllers\HolaController.php (7)
in D:\servidorparaphp\xampp\htdocs\yiiframework\index.php (13)
2015/09/28 21:34:13 [error] [exception.CHttpException.404] exception 'CHttpException' with message 'Unable to resolve the request "index".' in D:\servidorparaphp\xampp\htdocs\yii\framework\web\CWebApplication.php:286
Stack trace:
#0 D:\servidorparaphp\xampp\htdocs\yii\framework\web\CWebApplication.php(141): CWebApplication->runController('index')
#1 D:\servidorparaphp\xampp\htdocs\yii\framework\base\CApplication.php(184): CWebApplication->processRequest()
#2 D:\servidorparaphp\xampp\htdocs\yiiframework\index.php(13): CApplication->run()
#3 {main}
REQUEST_URI=/yiiframework/index
---
2015/09/28 21:35:40 [error] [php] Undefined variable: twitter (D:\servidorparaphp\xampp\htdocs\yiiframework\protected\views\hola\index.php:1)
Stack trace:
#0 D:\servidorparaphp\xampp\htdocs\yii\framework\web\CController.php(869): HolaController->renderFile()
#1 D:\servidorparaphp\xampp\htdocs\yii\framework\web\CController.php(782): HolaController->renderPartial()
#2 D:\servidorparaphp\xampp\htdocs\yiiframework\protected\controllers\HolaController.php(128): HolaController->render()
#3 D:\servidorparaphp\xampp\htdocs\yii\framework\web\actions\CInlineAction.php(49): HolaController->actionIndex()
#4 D:\servidorparaphp\xampp\htdocs\yii\framework\web\CController.php(308): CInlineAction->runWithParams()
#5 D:\servidorparaphp\xampp\htdocs\yii\framework\web\filters\CFilterChain.php(133): HolaController->runAction()
#6 D:\servidorparaphp\xampp\htdocs\yii\framework\web\filters\CFilter.php(40): CFilterChain->run()
#7 D:\servidorparaphp\xampp\htdocs\yii\framework\web\CController.php(1145): CAccessControlFilter->filter()
#8 D:\servidorparaphp\xampp\htdocs\yii\framework\web\filters\CInlineFilter.php(58): HolaController->filterAccessControl()
#9 D:\servidorparaphp\xampp\htdocs\yii\framework\web\filters\CFilterChain.php(130): CInlineFilter->filter()
#10 D:\servidorparaphp\xampp\htdocs\yii\framework\web\CController.php(291): CFilterChain->run()
#11 D:\servidorparaphp\xampp\htdocs\yii\framework\web\CController.php(265): HolaController->runActionWithFilters()
#12 D:\servidorparaphp\xampp\htdocs\yii\framework\web\CWebApplication.php(282): HolaController->run()
#13 D:\servidorparaphp\xampp\htdocs\yii\framework\web\CWebApplication.php(141): CWebApplication->runController()
#14 D:\servidorparaphp\xampp\htdocs\yii\framework\base\CApplication.php(184): CWebApplication->processRequest()
#15 D:\servidorparaphp\xampp\htdocs\yiiframework\index.php(13): CWebApplication->run()
REQUEST_URI=/yiiframework/hola/index
in D:\servidorparaphp\xampp\htdocs\yiiframework\protected\views\hola\index.php (1)
in D:\servidorparaphp\xampp\htdocs\yiiframework\protected\controllers\HolaController.php (128)
in D:\servidorparaphp\xampp\htdocs\yiiframework\index.php (13)
2015/09/28 21:35:52 [error] [php] Undefined variable: twitter (D:\servidorparaphp\xampp\htdocs\yiiframework\protected\views\hola\index.php:1)
Stack trace:
#0 D:\servidorparaphp\xampp\htdocs\yii\framework\web\CController.php(869): HolaController->renderFile()
#1 D:\servidorparaphp\xampp\htdocs\yii\framework\web\CController.php(782): HolaController->renderPartial()
#2 D:\servidorparaphp\xampp\htdocs\yiiframework\protected\controllers\HolaController.php(128): HolaController->render()
#3 D:\servidorparaphp\xampp\htdocs\yii\framework\web\actions\CInlineAction.php(49): HolaController->actionIndex()
#4 D:\servidorparaphp\xampp\htdocs\yii\framework\web\CController.php(308): CInlineAction->runWithParams()
#5 D:\servidorparaphp\xampp\htdocs\yii\framework\web\filters\CFilterChain.php(133): HolaController->runAction()
#6 D:\servidorparaphp\xampp\htdocs\yii\framework\web\filters\CFilter.php(40): CFilterChain->run()
#7 D:\servidorparaphp\xampp\htdocs\yii\framework\web\CController.php(1145): CAccessControlFilter->filter()
#8 D:\servidorparaphp\xampp\htdocs\yii\framework\web\filters\CInlineFilter.php(58): HolaController->filterAccessControl()
#9 D:\servidorparaphp\xampp\htdocs\yii\framework\web\filters\CFilterChain.php(130): CInlineFilter->filter()
#10 D:\servidorparaphp\xampp\htdocs\yii\framework\web\CController.php(291): CFilterChain->run()
#11 D:\servidorparaphp\xampp\htdocs\yii\framework\web\CController.php(265): HolaController->runActionWithFilters()
#12 D:\servidorparaphp\xampp\htdocs\yii\framework\web\CWebApplication.php(282): HolaController->run()
#13 D:\servidorparaphp\xampp\htdocs\yii\framework\web\CWebApplication.php(141): CWebApplication->runController()
#14 D:\servidorparaphp\xampp\htdocs\yii\framework\base\CApplication.php(184): CWebApplication->processRequest()
#15 D:\servidorparaphp\xampp\htdocs\yiiframework\index.php(13): CWebApplication->run()
REQUEST_URI=/yiiframework/hola/index
in D:\servidorparaphp\xampp\htdocs\yiiframework\protected\views\hola\index.php (1)
in D:\servidorparaphp\xampp\htdocs\yiiframework\protected\controllers\HolaController.php (128)
in D:\servidorparaphp\xampp\htdocs\yiiframework\index.php (13)
2015/09/28 21:36:12 [error] [php] Undefined variable: twitter (D:\servidorparaphp\xampp\htdocs\yiiframework\protected\views\hola\index.php:1)
Stack trace:
#0 D:\servidorparaphp\xampp\htdocs\yii\framework\web\CController.php(869): HolaController->renderFile()
#1 D:\servidorparaphp\xampp\htdocs\yii\framework\web\CController.php(782): HolaController->renderPartial()
#2 D:\servidorparaphp\xampp\htdocs\yiiframework\protected\controllers\HolaController.php(128): HolaController->render()
#3 D:\servidorparaphp\xampp\htdocs\yii\framework\web\actions\CInlineAction.php(49): HolaController->actionIndex()
#4 D:\servidorparaphp\xampp\htdocs\yii\framework\web\CController.php(308): CInlineAction->runWithParams()
#5 D:\servidorparaphp\xampp\htdocs\yii\framework\web\filters\CFilterChain.php(133): HolaController->runAction()
#6 D:\servidorparaphp\xampp\htdocs\yii\framework\web\filters\CFilter.php(40): CFilterChain->run()
#7 D:\servidorparaphp\xampp\htdocs\yii\framework\web\CController.php(1145): CAccessControlFilter->filter()
#8 D:\servidorparaphp\xampp\htdocs\yii\framework\web\filters\CInlineFilter.php(58): HolaController->filterAccessControl()
#9 D:\servidorparaphp\xampp\htdocs\yii\framework\web\filters\CFilterChain.php(130): CInlineFilter->filter()
#10 D:\servidorparaphp\xampp\htdocs\yii\framework\web\CController.php(291): CFilterChain->run()
#11 D:\servidorparaphp\xampp\htdocs\yii\framework\web\CController.php(265): HolaController->runActionWithFilters()
#12 D:\servidorparaphp\xampp\htdocs\yii\framework\web\CWebApplication.php(282): HolaController->run()
#13 D:\servidorparaphp\xampp\htdocs\yii\framework\web\CWebApplication.php(141): CWebApplication->runController()
#14 D:\servidorparaphp\xampp\htdocs\yii\framework\base\CApplication.php(184): CWebApplication->processRequest()
#15 D:\servidorparaphp\xampp\htdocs\yiiframework\index.php(13): CWebApplication->run()
REQUEST_URI=/yiiframework/Hola.html
in D:\servidorparaphp\xampp\htdocs\yiiframework\protected\views\hola\index.php (1)
in D:\servidorparaphp\xampp\htdocs\yiiframework\protected\controllers\HolaController.php (128)
in D:\servidorparaphp\xampp\htdocs\yiiframework\index.php (13)
2015/09/28 21:37:21 [error] [exception.CHttpException.404] exception 'CHttpException' with message 'Unable to resolve the request "layouts/column2".' in D:\servidorparaphp\xampp\htdocs\yii\framework\web\CWebApplication.php:286
Stack trace:
#0 D:\servidorparaphp\xampp\htdocs\yii\framework\web\CWebApplication.php(141): CWebApplication->runController('layouts/column2')
#1 D:\servidorparaphp\xampp\htdocs\yii\framework\base\CApplication.php(184): CWebApplication->processRequest()
#2 D:\servidorparaphp\xampp\htdocs\yiiframework\index.php(13): CApplication->run()
#3 {main}
REQUEST_URI=/yiiframework/layouts/column2
---
2015/09/28 21:37:27 [error] [exception.CHttpException.404] exception 'CHttpException' with message 'Unable to resolve the request "layouts/column2.php".' in D:\servidorparaphp\xampp\htdocs\yii\framework\web\CWebApplication.php:286
Stack trace:
#0 D:\servidorparaphp\xampp\htdocs\yii\framework\web\CWebApplication.php(141): CWebApplication->runController('layouts/column2...')
#1 D:\servidorparaphp\xampp\htdocs\yii\framework\base\CApplication.php(184): CWebApplication->processRequest()
#2 D:\servidorparaphp\xampp\htdocs\yiiframework\index.php(13): CApplication->run()
#3 {main}
REQUEST_URI=/yiiframework/layouts/column2.php
---
2015/09/28 23:56:43 [error] [system.db.CDbCommand] CDbCommand::fetchAll() failed: SQLSTATE[42S02]: Base table or view not found: 1146 Table 'yiiframework.inventario' doesn't exist. The SQL statement executed was: SHOW FULL COLUMNS FROM `Inventario`.
in D:\servidorparaphp\xampp\htdocs\yiiframework\index.php (13)
2015/09/28 23:56:52 [error] [system.db.CDbCommand] CDbCommand::fetchAll() failed: SQLSTATE[42S02]: Base table or view not found: 1146 Table 'yiiframework.inventariocpp' doesn't exist. The SQL statement executed was: SHOW FULL COLUMNS FROM `Inventariocpp`.
in D:\servidorparaphp\xampp\htdocs\yiiframework\index.php (13)
2015/09/29 14:03:10 [error] [exception.CHttpException.404] exception 'CHttpException' with message 'Unable to resolve the request "hola/index".' in D:\servidorparaphp\xampp\htdocs\yii\framework\web\CWebApplication.php:286
Stack trace:
#0 D:\servidorparaphp\xampp\htdocs\yii\framework\web\CWebApplication.php(141): CWebApplication->runController('hola/index')
#1 D:\servidorparaphp\xampp\htdocs\yii\framework\base\CApplication.php(184): CWebApplication->processRequest()
#2 D:\servidorparaphp\xampp\htdocs\yiiframework\index.php(13): CApplication->run()
#3 {main}
REQUEST_URI=/yiiframework/hola/index
---
2015/09/29 14:12:57 [error] [system.db.CDbCommand] CDbCommand::fetchAll() failed: SQLSTATE[42S02]: Base table or view not found: 1146 Table 'crunch_expenses.crunch_expenses' doesn't exist. The SQL statement executed was: SHOW FULL COLUMNS FROM `crunch_expenses`.
in D:\servidorparaphp\xampp\htdocs\yiiframework\index.php (13)
2015/09/29 18:13:23 [error] [exception.CHttpException.404] exception 'CHttpException' with message 'The system is unable to find the requested action "index.php".' in D:\servidorparaphp\xampp\htdocs\yii\framework\web\CController.php:483
Stack trace:
#0 D:\servidorparaphp\xampp\htdocs\yii\framework\web\CController.php(270): CController->missingAction('index.php')
#1 D:\servidorparaphp\xampp\htdocs\yii\framework\web\CWebApplication.php(282): CController->run('index.php')
#2 D:\servidorparaphp\xampp\htdocs\yii\framework\web\CWebApplication.php(141): CWebApplication->runController('gasto/index.php')
#3 D:\servidorparaphp\xampp\htdocs\yii\framework\base\CApplication.php(184): CWebApplication->processRequest()
#4 D:\servidorparaphp\xampp\htdocs\yiiframework\index.php(13): CApplication->run()
#5 {main}
REQUEST_URI=/yiiframework/gasto/index.php.html
HTTP_REFERER=http://localhost:8080/yiiframework/
---
2015/09/30 18:18:55 [error] [php] include(yiiframework.php): failed to open stream: No such file or directory (D:\servidorparaphp\xampp\htdocs\yii\framework\YiiBase.php:432)
Stack trace:
#0 D:\servidorparaphp\xampp\htdocs\yiiframework\protected\views\layouts\main.php(8): spl_autoload_call()
#1 D:\servidorparaphp\xampp\htdocs\yii\framework\web\CBaseController.php(126): require()
#2 D:\servidorparaphp\xampp\htdocs\yii\framework\web\CBaseController.php(95): GastoController->renderInternal()
#3 D:\servidorparaphp\xampp\htdocs\yii\framework\web\widgets\CContentDecorator.php(76): GastoController->renderFile()
#4 D:\servidorparaphp\xampp\htdocs\yii\framework\web\widgets\CContentDecorator.php(54): CContentDecorator->decorate()
#5 D:\servidorparaphp\xampp\htdocs\yii\framework\web\widgets\COutputProcessor.php(44): CContentDecorator->processOutput()
#6 D:\servidorparaphp\xampp\htdocs\yii\framework\web\CBaseController.php(214): CContentDecorator->run()
#7 D:\servidorparaphp\xampp\htdocs\yii\framework\web\CBaseController.php(308): GastoController->endWidget()
#8 D:\servidorparaphp\xampp\htdocs\yiiframework\protected\views\layouts\column2.php(23): GastoController->endContent()
#9 D:\servidorparaphp\xampp\htdocs\yii\framework\web\CBaseController.php(126): require()
#10 D:\servidorparaphp\xampp\htdocs\yii\framework\web\CBaseController.php(95): GastoController->renderInternal()
#11 D:\servidorparaphp\xampp\htdocs\yii\framework\web\CController.php(784): GastoController->renderFile()
#12 D:\servidorparaphp\xampp\htdocs\yiiframework\protected\controllers\GastoController.php(128): GastoController->render()
#13 D:\servidorparaphp\xampp\htdocs\yii\framework\web\actions\CInlineAction.php(49): GastoController->actionIndex()
#14 D:\servidorparaphp\xampp\htdocs\yii\framework\web\CController.php(308): CInlineAction->runWithParams()
#15 D:\servidorparaphp\xampp\htdocs\yii\framework\web\filters\CFilterChain.php(133): GastoController->runAction()
#16 D:\servidorparaphp\xampp\htdocs\yii\framework\web\filters\CFilter.php(40): CFilterChain->run()
#17 D:\servidorparaphp\xampp\htdocs\yii\framework\web\CController.php(1145): CAccessControlFilter->filter()
#18 D:\servidorparaphp\xampp\htdocs\yii\framework\web\filters\CInlineFilter.php(58): GastoController->filterAccessControl()
#19 D:\servidorparaphp\xampp\htdocs\yii\framework\web\filters\CFilterChain.php(130): CInlineFilter->filter()
#20 D:\servidorparaphp\xampp\htdocs\yii\framework\web\CController.php(291): CFilterChain->run()
#21 D:\servidorparaphp\xampp\htdocs\yii\framework\web\CController.php(265): GastoController->runActionWithFilters()
#22 D:\servidorparaphp\xampp\htdocs\yii\framework\web\CWebApplication.php(282): GastoController->run()
#23 D:\servidorparaphp\xampp\htdocs\yii\framework\web\CWebApplication.php(141): CWebApplication->runController()
#24 D:\servidorparaphp\xampp\htdocs\yii\framework\base\CApplication.php(184): CWebApplication->processRequest()
#25 D:\servidorparaphp\xampp\htdocs\yiiframework\index.php(13): CWebApplication->run()
REQUEST_URI=/yiiframework/gasto/index.html
in D:\servidorparaphp\xampp\htdocs\yiiframework\protected\views\layouts\main.php (8)
in D:\servidorparaphp\xampp\htdocs\yiiframework\protected\views\layouts\column2.php (23)
in D:\servidorparaphp\xampp\htdocs\yiiframework\protected\controllers\GastoController.php (128)
2015/10/01 14:17:54 [error] [php] Use of undefined constant idGasto - assumed 'idGasto' (D:\servidorparaphp\xampp\htdocs\yiiframework\protected\views\gasto\update.php:7)
Stack trace:
#0 D:\servidorparaphp\xampp\htdocs\yii\framework\web\CController.php(869): GastoController->renderFile()
#1 D:\servidorparaphp\xampp\htdocs\yii\framework\web\CController.php(782): GastoController->renderPartial()
#2 D:\servidorparaphp\xampp\htdocs\yiiframework\protected\controllers\GastoController.php(103): GastoController->render()
#3 unknown(0): GastoController->actionUpdate()
#4 D:\servidorparaphp\xampp\htdocs\yii\framework\web\actions\CAction.php(109): ReflectionMethod->invokeArgs()
#5 D:\servidorparaphp\xampp\htdocs\yii\framework\web\actions\CInlineAction.php(47): CInlineAction->runWithParamsInternal()
#6 D:\servidorparaphp\xampp\htdocs\yii\framework\web\CController.php(308): CInlineAction->runWithParams()
#7 D:\servidorparaphp\xampp\htdocs\yii\framework\web\filters\CFilterChain.php(133): GastoController->runAction()
#8 D:\servidorparaphp\xampp\htdocs\yii\framework\web\filters\CFilter.php(40): CFilterChain->run()
#9 D:\servidorparaphp\xampp\htdocs\yii\framework\web\CController.php(1145): CAccessControlFilter->filter()
#10 D:\servidorparaphp\xampp\htdocs\yii\framework\web\filters\CInlineFilter.php(58): GastoController->filterAccessControl()
#11 D:\servidorparaphp\xampp\htdocs\yii\framework\web\filters\CFilterChain.php(130): CInlineFilter->filter()
#12 D:\servidorparaphp\xampp\htdocs\yii\framework\web\CController.php(291): CFilterChain->run()
#13 D:\servidorparaphp\xampp\htdocs\yii\framework\web\CController.php(265): GastoController->runActionWithFilters()
#14 D:\servidorparaphp\xampp\htdocs\yii\framework\web\CWebApplication.php(282): GastoController->run()
#15 D:\servidorparaphp\xampp\htdocs\yii\framework\web\CWebApplication.php(141): CWebApplication->runController()
#16 D:\servidorparaphp\xampp\htdocs\yii\framework\base\CApplication.php(184): CWebApplication->processRequest()
#17 D:\servidorparaphp\xampp\htdocs\yiiframework\index.php(13): CWebApplication->run()
REQUEST_URI=/yiiframework/gasto/update/10.html
in D:\servidorparaphp\xampp\htdocs\yiiframework\protected\views\gasto\update.php (7)
in D:\servidorparaphp\xampp\htdocs\yiiframework\protected\controllers\GastoController.php (103)
in D:\servidorparaphp\xampp\htdocs\yiiframework\index.php (13)
2015/10/05 21:57:38 [error] [exception.CException] exception 'CException' with message 'La propiedad "LoginForm"."rememberM" no se encuentra definida.' in D:\servidorparaphp\xampp\htdocs\yii\framework\base\CComponent.php:130
Stack trace:
#0 D:\servidorparaphp\xampp\htdocs\yii\framework\web\helpers\CHtml.php(2728): CComponent->__get('rememberM')
#1 D:\servidorparaphp\xampp\htdocs\yii\framework\web\helpers\CHtml.php(1922): CHtml::resolveValue(Object(LoginForm), 'rememberM')
#2 D:\servidorparaphp\xampp\htdocs\yii\framework\web\widgets\CActiveForm.php(898): CHtml::activeCheckBox(Object(LoginForm), 'rememberM', Array)
#3 D:\servidorparaphp\xampp\htdocs\yiiframework\protected\views\site\login.php(43): CActiveForm->checkBox(Object(LoginForm), 'rememberM')
#4 D:\servidorparaphp\xampp\htdocs\yii\framework\web\CBaseController.php(126): require('D:\\servidorpara...')
#5 D:\servidorparaphp\xampp\htdocs\yii\framework\web\CBaseController.php(95): CBaseController->renderInternal('D:\\servidorpara...', Array, true)
#6 D:\servidorparaphp\xampp\htdocs\yii\framework\web\CController.php(869): CBaseController->renderFile('D:\\servidorpara...', Array, true)
#7 D:\servidorparaphp\xampp\htdocs\yii\framework\web\CController.php(782): CController->renderPartial('login', Array, true)
#8 D:\servidorparaphp\xampp\htdocs\yiiframework\protected\controllers\SiteController.php(98): CController->render('login', Array)
#9 D:\servidorparaphp\xampp\htdocs\yii\framework\web\actions\CInlineAction.php(49): SiteController->actionLogin()
#10 D:\servidorparaphp\xampp\htdocs\yii\framework\web\CController.php(308): CInlineAction->runWithParams(Array)
#11 D:\servidorparaphp\xampp\htdocs\yii\framework\web\CController.php(286): CController->runAction(Object(CInlineAction))
#12 D:\servidorparaphp\xampp\htdocs\yii\framework\web\CController.php(265): CController->runActionWithFilters(Object(CInlineAction), Array)
#13 D:\servidorparaphp\xampp\htdocs\yii\framework\web\CWebApplication.php(282): CController->run('login')
#14 D:\servidorparaphp\xampp\htdocs\yii\framework\web\CWebApplication.php(141): CWebApplication->runController('site/login')
#15 D:\servidorparaphp\xampp\htdocs\yii\framework\base\CApplication.php(184): CWebApplication->processRequest()
#16 D:\servidorparaphp\xampp\htdocs\yiiframework\index.php(13): CApplication->run()
#17 {main}
REQUEST_URI=/yiiframework/site/login.html
---
2015/10/07 01:52:54 [error] [exception.CDbException] exception 'CDbException' with message 'CDbConnection failed to open the DB connection: SQLSTATE[HY000] [2002] Se produjo un error durante el intento de conexión ya que la parte conectada no respondió adecuadamente tras un periodo de tiempo, o bien se produjo un error en la conexión establecida ya que el host conectado no ha podido responder.
' in D:\servidorparaphp\xampp\htdocs\yii\framework\db\CDbConnection.php:399
Stack trace:
#0 D:\servidorparaphp\xampp\htdocs\yii\framework\db\CDbConnection.php(347): CDbConnection->open()
#1 D:\servidorparaphp\xampp\htdocs\yii\framework\db\CDbConnection.php(325): CDbConnection->setActive(true)
#2 D:\servidorparaphp\xampp\htdocs\yii\framework\base\CModule.php(394): CDbConnection->init()
#3 D:\servidorparaphp\xampp\htdocs\yii\framework\base\CApplication.php(458): CModule->getComponent('db')
#4 D:\servidorparaphp\xampp\htdocs\yii\framework\db\ar\CActiveRecord.php(637): CApplication->getDb()
#5 D:\servidorparaphp\xampp\htdocs\yii\framework\db\ar\CActiveRecord.php(670): CActiveRecord->getDbConnection()
#6 D:\servidorparaphp\xampp\htdocs\yii\framework\db\ar\CActiveRecord.php(1601): CActiveRecord->getCommandBuilder()
#7 D:\servidorparaphp\xampp\htdocs\yii\framework\web\CActiveDataProvider.php(228): CActiveRecord->count(Object(CDbCriteria))
#8 D:\servidorparaphp\xampp\htdocs\yii\framework\web\CDataProvider.php(224): CActiveDataProvider->calculateTotalItemCount()
#9 D:\servidorparaphp\xampp\htdocs\yii\framework\web\CActiveDataProvider.php(178): CDataProvider->getTotalItemCount()
#10 D:\servidorparaphp\xampp\htdocs\yii\framework\web\CDataProvider.php(168): CActiveDataProvider->fetchData()
#11 D:\servidorparaphp\xampp\htdocs\yii\framework\zii\widgets\CBaseListView.php(125): CDataProvider->getData()
#12 D:\servidorparaphp\xampp\htdocs\yii\framework\zii\widgets\CListView.php(211): CBaseListView->init()
#13 D:\servidorparaphp\xampp\htdocs\yii\framework\web\CBaseController.php(147): CListView->init()
#14 D:\servidorparaphp\xampp\htdocs\yii\framework\web\CBaseController.php(180): CBaseController->createWidget('zii.widgets.CLi...', Array)
#15 D:\servidorparaphp\xampp\htdocs\yiiframework\protected\views\gasto\index.php(21): CBaseController->widget('zii.widgets.CLi...', Array)
#16 D:\servidorparaphp\xampp\htdocs\yii\framework\web\CBaseController.php(126): require('D:\\servidorpara...')
#17 D:\servidorparaphp\xampp\htdocs\yii\framework\web\CBaseController.php(95): CBaseController->renderInternal('D:\\servidorpara...', Array, true)
#18 D:\servidorparaphp\xampp\htdocs\yii\framework\web\CController.php(869): CBaseController->renderFile('D:\\servidorpara...', Array, true)
#19 D:\servidorparaphp\xampp\htdocs\yii\framework\web\CController.php(782): CController->renderPartial('index', Array, true)
#20 D:\servidorparaphp\xampp\htdocs\yiiframework\protected\controllers\GastoController.php(128): CController->render('index', Array)
#21 D:\servidorparaphp\xampp\htdocs\yii\framework\web\actions\CInlineAction.php(49): GastoController->actionIndex()
#22 D:\servidorparaphp\xampp\htdocs\yii\framework\web\CController.php(308): CInlineAction->runWithParams(Array)
#23 D:\servidorparaphp\xampp\htdocs\yii\framework\web\filters\CFilterChain.php(133): CController->runAction(Object(CInlineAction))
#24 D:\servidorparaphp\xampp\htdocs\yii\framework\web\filters\CFilter.php(40): CFilterChain->run()
#25 D:\servidorparaphp\xampp\htdocs\yii\framework\web\CController.php(1145): CFilter->filter(Object(CFilterChain))
#26 D:\servidorparaphp\xampp\htdocs\yii\framework\web\filters\CInlineFilter.php(58): CController->filterAccessControl(Object(CFilterChain))
#27 D:\servidorparaphp\xampp\htdocs\yii\framework\web\filters\CFilterChain.php(130): CInlineFilter->filter(Object(CFilterChain))
#28 D:\servidorparaphp\xampp\htdocs\yii\framework\web\CController.php(291): CFilterChain->run()
#29 D:\servidorparaphp\xampp\htdocs\yii\framework\web\CController.php(265): CController->runActionWithFilters(Object(CInlineAction), Array)
#30 D:\servidorparaphp\xampp\htdocs\yii\framework\web\CWebApplication.php(282): CController->run('index')
#31 D:\servidorparaphp\xampp\htdocs\yii\framework\web\CWebApplication.php(141): CWebApplication->runController('gasto/index')
#32 D:\servidorparaphp\xampp\htdocs\yii\framework\base\CApplication.php(184): CWebApplication->processRequest()
#33 D:\servidorparaphp\xampp\htdocs\yiiframework\index.php(13): CApplication->run()
#34 {main}
REQUEST_URI=/yiiframework/gasto/index.html
HTTP_REFERER=http://localhost:8080/yiiframework/site/page.html?view=about
---
